<?xml version="1.0" encoding="UTF-8"?>
<testsuite xmlns:xsi="http://www.w3.org/2001/XMLSchema-instance" xsi:noNamespaceSchemaLocation="https://maven.apache.org/surefire/maven-surefire-plugin/xsd/surefire-test-report-3.0.xsd" version="3.0" name="repository.BookRepositoryTest" time="3.261" tests="1" errors="0" skipped="0" failures="0">
  <properties>
    <property name="sun.desktop" value="windows"/>
    <property name="awt.toolkit" value="sun.awt.windows.WToolkit"/>
    <property name="java.specification.version" value="11"/>
    <property name="sun.cpu.isalist" value="amd64"/>
    <property name="sun.jnu.encoding" value="Cp1252"/>
    <property name="java.class.path" value="C:\BT\job_prep\bookstore-back\target\test-classes;C:\BT\job_prep\bookstore-back\target\classes;C:\Users\CCLaptop\.m2\repository\mysql\mysql-connector-java\8.0.25\mysql-connector-java-8.0.25.jar;C:\Users\CCLaptop\.m2\repository\com\google\protobuf\protobuf-java\3.11.4\protobuf-java-3.11.4.jar;C:\Users\CCLaptop\.m2\repository\org\hibernate\hibernate-core\5.5.9.Final\hibernate-core-5.5.9.Final.jar;C:\Users\CCLaptop\.m2\repository\org\jboss\logging\jboss-logging\3.4.2.Final\jboss-logging-3.4.2.Final.jar;C:\Users\CCLaptop\.m2\repository\javax\persistence\javax.persistence-api\2.2\javax.persistence-api-2.2.jar;C:\Users\CCLaptop\.m2\repository\org\javassist\javassist\3.27.0-GA\javassist-3.27.0-GA.jar;C:\Users\CCLaptop\.m2\repository\net\bytebuddy\byte-buddy\1.11.12\byte-buddy-1.11.12.jar;C:\Users\CCLaptop\.m2\repository\antlr\antlr\2.7.7\antlr-2.7.7.jar;C:\Users\CCLaptop\.m2\repository\org\jboss\spec\javax\transaction\jboss-transaction-api_1.2_spec\1.1.1.Final\jboss-transaction-api_1.2_spec-1.1.1.Final.jar;C:\Users\CCLaptop\.m2\repository\org\jboss\jandex\2.2.3.Final\jandex-2.2.3.Final.jar;C:\Users\CCLaptop\.m2\repository\com\fasterxml\classmate\1.5.1\classmate-1.5.1.jar;C:\Users\CCLaptop\.m2\repository\javax\activation\javax.activation-api\1.2.0\javax.activation-api-1.2.0.jar;C:\Users\CCLaptop\.m2\repository\org\hibernate\common\hibernate-commons-annotations\5.1.2.Final\hibernate-commons-annotations-5.1.2.Final.jar;C:\Users\CCLaptop\.m2\repository\javax\xml\bind\jaxb-api\2.3.1\jaxb-api-2.3.1.jar;C:\Users\CCLaptop\.m2\repository\org\glassfish\jaxb\jaxb-runtime\2.3.1\jaxb-runtime-2.3.1.jar;C:\Users\CCLaptop\.m2\repository\org\glassfish\jaxb\txw2\2.3.1\txw2-2.3.1.jar;C:\Users\CCLaptop\.m2\repository\com\sun\istack\istack-commons-runtime\3.0.7\istack-commons-runtime-3.0.7.jar;C:\Users\CCLaptop\.m2\repository\org\jvnet\staxex\stax-ex\1.8\stax-ex-1.8.jar;C:\Users\CCLaptop\.m2\repository\com\sun\xml\fastinfoset\FastInfoset\1.2.15\FastInfoset-1.2.15.jar;C:\Users\CCLaptop\.m2\repository\javax\activation\activation\1.1.1\activation-1.1.1.jar;C:\Users\CCLaptop\.m2\repository\javax\inject\javax.inject\1\javax.inject-1.jar;C:\Users\CCLaptop\.m2\repository\javax\jws\jsr181-api\1.0-MR1\jsr181-api-1.0-MR1.jar;C:\Users\CCLaptop\.m2\repository\com\sun\mail\javax.mail\1.5.3\javax.mail-1.5.3.jar;C:\Users\CCLaptop\.m2\repository\javax\validation\validation-api\1.1.0.Final\validation-api-1.1.0.Final.jar;C:\Users\CCLaptop\.m2\repository\org\hibernate\javax\persistence\hibernate-jpa-2.1-api\1.0.0.Final\hibernate-jpa-2.1-api-1.0.0.Final.jar;C:\Users\CCLaptop\.m2\repository\org\jboss\spec\javax\annotation\jboss-annotations-api_1.2_spec\1.0.0.Final\jboss-annotations-api_1.2_spec-1.0.0.Final.jar;C:\Users\CCLaptop\.m2\repository\org\jboss\spec\javax\batch\jboss-batch-api_1.0_spec\1.0.0.Final\jboss-batch-api_1.0_spec-1.0.0.Final.jar;C:\Users\CCLaptop\.m2\repository\org\jboss\spec\javax\ejb\jboss-ejb-api_3.2_spec\1.0.0.Final\jboss-ejb-api_3.2_spec-1.0.0.Final.jar;C:\Users\CCLaptop\.m2\repository\org\jboss\spec\javax\el\jboss-el-api_3.0_spec\1.0.4.Final\jboss-el-api_3.0_spec-1.0.4.Final.jar;C:\Users\CCLaptop\.m2\repository\org\jboss\spec\javax\enterprise\concurrent\jboss-concurrency-api_1.0_spec\1.0.0.Final\jboss-concurrency-api_1.0_spec-1.0.0.Final.jar;C:\Users\CCLaptop\.m2\repository\org\jboss\spec\javax\faces\jboss-jsf-api_2.2_spec\2.2.11\jboss-jsf-api_2.2_spec-2.2.11.jar;C:\Users\CCLaptop\.m2\repository\org\jboss\spec\javax\interceptor\jboss-interceptors-api_1.2_spec\1.0.0.Final\jboss-interceptors-api_1.2_spec-1.0.0.Final.jar;C:\Users\CCLaptop\.m2\repository\org\jboss\spec\javax\json\jboss-json-api_1.0_spec\1.0.0.Final\jboss-json-api_1.0_spec-1.0.0.Final.jar;C:\Users\CCLaptop\.m2\repository\org\jboss\spec\javax\management\j2ee\jboss-j2eemgmt-api_1.1_spec\1.0.1.Final\jboss-j2eemgmt-api_1.1_spec-1.0.1.Final.jar;C:\Users\CCLaptop\.m2\repository\org\jboss\spec\javax\resource\jboss-connector-api_1.7_spec\1.0.0.Final\jboss-connector-api_1.7_spec-1.0.0.Final.jar;C:\Users\CCLaptop\.m2\repository\org\jboss\spec\javax\rmi\jboss-rmi-api_1.0_spec\1.0.4.Final\jboss-rmi-api_1.0_spec-1.0.4.Final.jar;C:\Users\CCLaptop\.m2\repository\org\jboss\spec\javax\security\jacc\jboss-jacc-api_1.5_spec\1.0.0.Final\jboss-jacc-api_1.5_spec-1.0.0.Final.jar;C:\Users\CCLaptop\.m2\repository\org\jboss\spec\javax\security\auth\message\jboss-jaspi-api_1.1_spec\1.0.0.Final\jboss-jaspi-api_1.1_spec-1.0.0.Final.jar;C:\Users\CCLaptop\.m2\repository\org\jboss\spec\javax\jms\jboss-jms-api_2.0_spec\1.0.0.Final\jboss-jms-api_2.0_spec-1.0.0.Final.jar;C:\Users\CCLaptop\.m2\repository\org\jboss\spec\javax\servlet\jboss-servlet-api_3.1_spec\1.0.0.Final\jboss-servlet-api_3.1_spec-1.0.0.Final.jar;C:\Users\CCLaptop\.m2\repository\org\jboss\spec\javax\servlet\jsp\jboss-jsp-api_2.3_spec\1.0.1.Final\jboss-jsp-api_2.3_spec-1.0.1.Final.jar;C:\Users\CCLaptop\.m2\repository\org\jboss\spec\javax\servlet\jstl\jboss-jstl-api_1.2_spec\1.1.2.Final\jboss-jstl-api_1.2_spec-1.1.2.Final.jar;C:\Users\CCLaptop\.m2\repository\org\jboss\spec\javax\ws\rs\jboss-jaxrs-api_2.0_spec\1.0.0.Final\jboss-jaxrs-api_2.0_spec-1.0.0.Final.jar;C:\Users\CCLaptop\.m2\repository\org\jboss\spec\javax\websocket\jboss-websocket-api_1.1_spec\1.1.0.Final\jboss-websocket-api_1.1_spec-1.1.0.Final.jar;C:\Users\CCLaptop\.m2\repository\org\jboss\spec\javax\xml\bind\jboss-jaxb-api_2.2_spec\1.0.4.Final\jboss-jaxb-api_2.2_spec-1.0.4.Final.jar;C:\Users\CCLaptop\.m2\repository\org\jboss\spec\javax\xml\soap\jboss-saaj-api_1.3_spec\1.0.3.Final\jboss-saaj-api_1.3_spec-1.0.3.Final.jar;C:\Users\CCLaptop\.m2\repository\org\jboss\spec\javax\xml\ws\jboss-jaxws-api_2.2_spec\2.0.2.Final\jboss-jaxws-api_2.2_spec-2.0.2.Final.jar;C:\Users\CCLaptop\.m2\repository\javax\javaee-web-api\7.0\javaee-web-api-7.0.jar;C:\Users\CCLaptop\.m2\repository\javax\enterprise\cdi-api\2.0.SP1\cdi-api-2.0.SP1.jar;C:\Users\CCLaptop\.m2\repository\javax\el\javax.el-api\3.0.0\javax.el-api-3.0.0.jar;C:\Users\CCLaptop\.m2\repository\javax\interceptor\javax.interceptor-api\1.2\javax.interceptor-api-1.2.jar;C:\Users\CCLaptop\.m2\repository\junit\junit\4.13.1\junit-4.13.1.jar;C:\Users\CCLaptop\.m2\repository\org\hamcrest\hamcrest-core\1.3\hamcrest-core-1.3.jar;C:\Users\CCLaptop\.m2\repository\org\jboss\arquillian\junit\arquillian-junit-container\1.4.0.Final\arquillian-junit-container-1.4.0.Final.jar;C:\Users\CCLaptop\.m2\repository\org\jboss\arquillian\junit\arquillian-junit-core\1.4.0.Final\arquillian-junit-core-1.4.0.Final.jar;C:\Users\CCLaptop\.m2\repository\org\jboss\arquillian\test\arquillian-test-api\1.4.0.Final\arquillian-test-api-1.4.0.Final.jar;C:\Users\CCLaptop\.m2\repository\org\jboss\arquillian\test\arquillian-test-spi\1.4.0.Final\arquillian-test-spi-1.4.0.Final.jar;C:\Users\CCLaptop\.m2\repository\org\jboss\arquillian\core\arquillian-core-spi\1.4.0.Final\arquillian-core-spi-1.4.0.Final.jar;C:\Users\CCLaptop\.m2\repository\org\jboss\arquillian\container\arquillian-container-test-api\1.4.0.Final\arquillian-container-test-api-1.4.0.Final.jar;C:\Users\CCLaptop\.m2\repository\org\jboss\shrinkwrap\shrinkwrap-api\1.2.6\shrinkwrap-api-1.2.6.jar;C:\Users\CCLaptop\.m2\repository\org\jboss\shrinkwrap\descriptors\shrinkwrap-descriptors-api-base\2.0.0\shrinkwrap-descriptors-api-base-2.0.0.jar;C:\Users\CCLaptop\.m2\repository\org\jboss\arquillian\container\arquillian-container-test-spi\1.4.0.Final\arquillian-container-test-spi-1.4.0.Final.jar;C:\Users\CCLaptop\.m2\repository\org\jboss\arquillian\core\arquillian-core-impl-base\1.4.0.Final\arquillian-core-impl-base-1.4.0.Final.jar;C:\Users\CCLaptop\.m2\repository\org\jboss\arquillian\test\arquillian-test-impl-base\1.4.0.Final\arquillian-test-impl-base-1.4.0.Final.jar;C:\Users\CCLaptop\.m2\repository\org\jboss\arquillian\container\arquillian-container-impl-base\1.4.0.Final\arquillian-container-impl-base-1.4.0.Final.jar;C:\Users\CCLaptop\.m2\repository\org\jboss\arquillian\config\arquillian-config-api\1.4.0.Final\arquillian-config-api-1.4.0.Final.jar;C:\Users\CCLaptop\.m2\repository\org\jboss\arquillian\config\arquillian-config-impl-base\1.4.0.Final\arquillian-config-impl-base-1.4.0.Final.jar;C:\Users\CCLaptop\.m2\repository\org\jboss\arquillian\config\arquillian-config-spi\1.4.0.Final\arquillian-config-spi-1.4.0.Final.jar;C:\Users\CCLaptop\.m2\repository\org\jboss\arquillian\container\arquillian-container-test-impl-base\1.4.0.Final\arquillian-container-test-impl-base-1.4.0.Final.jar;C:\Users\CCLaptop\.m2\repository\org\jboss\shrinkwrap\shrinkwrap-impl-base\1.2.6\shrinkwrap-impl-base-1.2.6.jar;C:\Users\CCLaptop\.m2\repository\org\jboss\shrinkwrap\shrinkwrap-spi\1.2.6\shrinkwrap-spi-1.2.6.jar;C:\Users\CCLaptop\.m2\repository\org\wildfly\arquillian\wildfly-arquillian-container-remote\3.0.1.Final\wildfly-arquillian-container-remote-3.0.1.Final.jar;C:\Users\CCLaptop\.m2\repository\org\wildfly\arquillian\wildfly-arquillian-common\3.0.1.Final\wildfly-arquillian-common-3.0.1.Final.jar;C:\Users\CCLaptop\.m2\repository\org\jboss\arquillian\testenricher\arquillian-testenricher-cdi\1.4.0.Final\arquillian-testenricher-cdi-1.4.0.Final.jar;C:\Users\CCLaptop\.m2\repository\org\jboss\arquillian\testenricher\arquillian-testenricher-ejb\1.4.0.Final\arquillian-testenricher-ejb-1.4.0.Final.jar;C:\Users\CCLaptop\.m2\repository\org\jboss\arquillian\testenricher\arquillian-testenricher-initialcontext\1.4.0.Final\arquillian-testenricher-initialcontext-1.4.0.Final.jar;C:\Users\CCLaptop\.m2\repository\org\jboss\arquillian\testenricher\arquillian-testenricher-resource\1.4.0.Final\arquillian-testenricher-resource-1.4.0.Final.jar;C:\Users\CCLaptop\.m2\repository\org\wildfly\arquillian\wildfly-arquillian-testenricher-msc\3.0.1.Final\wildfly-arquillian-testenricher-msc-3.0.1.Final.jar;C:\Users\CCLaptop\.m2\repository\org\wildfly\core\wildfly-server\13.0.0.Final\wildfly-server-13.0.0.Final.jar;C:\Users\CCLaptop\.m2\repository\org\wildfly\core\wildfly-controller\13.0.0.Final\wildfly-controller-13.0.0.Final.jar;C:\Users\CCLaptop\.m2\repository\org\wildfly\core\wildfly-core-security\13.0.0.Final\wildfly-core-security-13.0.0.Final.jar;C:\Users\CCLaptop\.m2\repository\org\wildfly\core\wildfly-core-security-api\13.0.0.Final\wildfly-core-security-api-13.0.0.Final.jar;C:\Users\CCLaptop\.m2\repository\org\jboss\logmanager\jboss-logmanager\2.1.17.Final\jboss-logmanager-2.1.17.Final.jar;C:\Users\CCLaptop\.m2\repository\org\jboss\staxmapper\1.3.0.Final\staxmapper-1.3.0.Final.jar;C:\Users\CCLaptop\.m2\repository\org\projectodd\vdx\vdx-wildfly\1.1.6\vdx-wildfly-1.1.6.jar;C:\Users\CCLaptop\.m2\repository\org\projectodd\vdx\vdx-core\1.1.6\vdx-core-1.1.6.jar;C:\Users\CCLaptop\.m2\repository\org\wildfly\core\wildfly-core-management-client\13.0.0.Final\wildfly-core-management-client-13.0.0.Final.jar;C:\Users\CCLaptop\.m2\repository\org\wildfly\core\wildfly-domain-http-interface\13.0.0.Final\wildfly-domain-http-interface-13.0.0.Final.jar;C:\Users\CCLaptop\.m2\repository\org\wildfly\security\elytron-web\undertow-server\1.8.0.Final\undertow-server-1.8.0.Final.jar;C:\Users\CCLaptop\.m2\repository\org\wildfly\core\wildfly-deployment-repository\13.0.0.Final\wildfly-deployment-repository-13.0.0.Final.jar;C:\Users\CCLaptop\.m2\repository\org\wildfly\core\wildfly-platform-mbean\13.0.0.Final\wildfly-platform-mbean-13.0.0.Final.jar;C:\Users\CCLaptop\.m2\repository\org\wildfly\core\wildfly-process-controller\13.0.0.Final\wildfly-process-controller-13.0.0.Final.jar;C:\Users\CCLaptop\.m2\repository\org\wildfly\core\wildfly-network\13.0.0.Final\wildfly-network-13.0.0.Final.jar;C:\Users\CCLaptop\.m2\repository\org\wildfly\core\wildfly-version\13.0.0.Final\wildfly-version-13.0.0.Final.jar;C:\Users\CCLaptop\.m2\repository\org\jboss\classfilewriter\jboss-classfilewriter\1.2.4.Final\jboss-classfilewriter-1.2.4.Final.jar;C:\Users\CCLaptop\.m2\repository\org\jboss\invocation\jboss-invocation\1.6.0.Final\jboss-invocation-1.6.0.Final.jar;C:\Users\CCLaptop\.m2\repository\org\jboss\modules\jboss-modules\1.10.2.Final\jboss-modules-1.10.2.Final.jar;C:\Users\CCLaptop\.m2\repository\org\jboss\remoting\jboss-remoting\5.0.19.Final\jboss-remoting-5.0.19.Final.jar;C:\Users\CCLaptop\.m2\repository\org\jboss\stdio\jboss-stdio\1.1.0.Final\jboss-stdio-1.1.0.Final.jar;C:\Users\CCLaptop\.m2\repository\org\jboss\jboss-vfs\3.2.15.Final\jboss-vfs-3.2.15.Final.jar;C:\Users\CCLaptop\.m2\repository\io\undertow\undertow-core\2.2.0.Final\undertow-core-2.2.0.Final.jar;C:\Users\CCLaptop\.m2\repository\org\eclipse\jgit\org.eclipse.jgit.ssh.apache\5.9.0.202009080501-r\org.eclipse.jgit.ssh.apache-5.9.0.202009080501-r.jar;C:\Users\CCLaptop\.m2\repository\org\eclipse\jgit\org.eclipse.jgit\5.9.0.202009080501-r\org.eclipse.jgit-5.9.0.202009080501-r.jar;C:\Users\CCLaptop\.m2\repository\com\googlecode\javaewah\JavaEWAH\1.1.7\JavaEWAH-1.1.7.jar;C:\Users\CCLaptop\.m2\repository\org\apache\sshd\sshd-common\2.4.0\sshd-common-2.4.0.jar;C:\Users\CCLaptop\.m2\repository\org\slf4j\slf4j-api\1.7.29\slf4j-api-1.7.29.jar;C:\Users\CCLaptop\.m2\repository\org\apache\sshd\sshd-core\2.4.0\sshd-core-2.4.0.jar;C:\Users\CCLaptop\.m2\repository\org\wildfly\core\wildfly-controller-client\13.0.0.Final\wildfly-controller-client-13.0.0.Final.jar;C:\Users\CCLaptop\.m2\repository\org\wildfly\core\wildfly-protocol\13.0.0.Final\wildfly-protocol-13.0.0.Final.jar;C:\Users\CCLaptop\.m2\repository\org\jboss\xnio\xnio-api\3.8.2.Final\xnio-api-3.8.2.Final.jar;C:\Users\CCLaptop\.m2\repository\org\jboss\xnio\xnio-nio\3.8.2.Final\xnio-nio-3.8.2.Final.jar;C:\Users\CCLaptop\.m2\repository\org\jboss\jboss-dmr\1.5.1.Final\jboss-dmr-1.5.1.Final.jar;C:\Users\CCLaptop\.m2\repository\org\jboss\threads\jboss-threads\2.4.0.Final\jboss-threads-2.4.0.Final.jar;C:\Users\CCLaptop\.m2\repository\org\wildfly\core\wildfly-launcher\13.0.0.Final\wildfly-launcher-13.0.0.Final.jar;C:\Users\CCLaptop\.m2\repository\org\wildfly\plugins\wildfly-plugin-core\2.0.2.Final\wildfly-plugin-core-2.0.2.Final.jar;C:\Users\CCLaptop\.m2\repository\org\jboss\shrinkwrap\descriptors\shrinkwrap-descriptors-impl-base\2.0.0\shrinkwrap-descriptors-impl-base-2.0.0.jar;C:\Users\CCLaptop\.m2\repository\org\wildfly\common\wildfly-common\1.5.4.Final\wildfly-common-1.5.4.Final.jar;C:\Users\CCLaptop\.m2\repository\org\wildfly\arquillian\wildfly-arquillian-protocol-jmx\3.0.1.Final\wildfly-arquillian-protocol-jmx-3.0.1.Final.jar;C:\Users\CCLaptop\.m2\repository\org\wildfly\security\wildfly-elytron\1.13.0.Final\wildfly-elytron-1.13.0.Final.jar;C:\Users\CCLaptop\.m2\repository\org\jboss\arquillian\protocol\arquillian-protocol-jmx\1.4.0.Final\arquillian-protocol-jmx-1.4.0.Final.jar;C:\Users\CCLaptop\.m2\repository\org\wildfly\core\wildfly-jmx\13.0.0.Final\wildfly-jmx-13.0.0.Final.jar;C:\Users\CCLaptop\.m2\repository\org\jboss\msc\jboss-msc\1.4.12.Final\jboss-msc-1.4.12.Final.jar;C:\Users\CCLaptop\.m2\repository\org\jboss\remotingjmx\remoting-jmx\3.0.4.Final\remoting-jmx-3.0.4.Final.jar;C:\Users\CCLaptop\.m2\repository\org\wildfly\client\wildfly-client-config\1.0.0.Final\wildfly-client-config-1.0.0.Final.jar;C:\Users\CCLaptop\.m2\repository\org\wildfly\core\wildfly-remoting\13.0.0.Final\wildfly-remoting-13.0.0.Final.jar;C:\Users\CCLaptop\.m2\repository\org\wildfly\core\wildfly-domain-management\13.0.0.Final\wildfly-domain-management-13.0.0.Final.jar;C:\Users\CCLaptop\.m2\repository\org\picketbox\picketbox\5.0.3.Final-redhat-00006\picketbox-5.0.3.Final-redhat-00006.jar;C:\Users\CCLaptop\.m2\repository\org\wildfly\core\wildfly-io\13.0.0.Final\wildfly-io-13.0.0.Final.jar;C:\Users\CCLaptop\.m2\repository\org\jboss\marshalling\jboss-marshalling-river\2.0.9.Final\jboss-marshalling-river-2.0.9.Final.jar;C:\Users\CCLaptop\.m2\repository\org\jboss\marshalling\jboss-marshalling\2.0.9.Final\jboss-marshalling-2.0.9.Final.jar;C:\Users\CCLaptop\.m2\repository\org\jboss\arquillian\core\arquillian-core-api\1.4.0.Final\arquillian-core-api-1.4.0.Final.jar;C:\Users\CCLaptop\.m2\repository\org\jboss\arquillian\protocol\arquillian-protocol-servlet\1.4.0.Final\arquillian-protocol-servlet-1.4.0.Final.jar;C:\Users\CCLaptop\.m2\repository\org\jboss\arquillian\container\arquillian-container-spi\1.4.0.Final\arquillian-container-spi-1.4.0.Final.jar;C:\Users\CCLaptop\.m2\repository\org\jboss\shrinkwrap\descriptors\shrinkwrap-descriptors-spi\2.0.0\shrinkwrap-descriptors-spi-2.0.0.jar;C:\Users\CCLaptop\.m2\repository\org\projectlombok\lombok\1.18.22\lombok-1.18.22.jar;"/>
    <property name="java.vm.vendor" value="Eclipse Adoptium"/>
    <property name="sun.arch.data.model" value="64"/>
    <property name="user.variant" value=""/>
    <property name="java.vendor.url" value="https://adoptium.net/"/>
    <property name="user.timezone" value="Asia/Bangkok"/>
    <property name="java.vm.specification.version" value="11"/>
    <property name="os.name" value="Windows 10"/>
    <property name="sun.java.launcher" value="SUN_STANDARD"/>
    <property name="user.country" value="US"/>
    <property name="sun.boot.library.path" value="C:\Program Files\Eclipse Adoptium\jdk-11.0.13.8-hotspot\bin"/>
    <property name="sun.java.command" value="C:\Users\CCLaptop\AppData\Local\Temp\surefire17821543516062421449\surefirebooter9765420288797204595.jar C:\Users\CCLaptop\AppData\Local\Temp\surefire17821543516062421449 2022-01-23T21-33-45_351-jvmRun1 surefire13127078770565212224tmp surefire_06797221237598268754tmp"/>
    <property name="jdk.debug" value="release"/>
    <property name="surefire.test.class.path" value="C:\BT\job_prep\bookstore-back\target\test-classes;C:\BT\job_prep\bookstore-back\target\classes;C:\Users\CCLaptop\.m2\repository\mysql\mysql-connector-java\8.0.25\mysql-connector-java-8.0.25.jar;C:\Users\CCLaptop\.m2\repository\com\google\protobuf\protobuf-java\3.11.4\protobuf-java-3.11.4.jar;C:\Users\CCLaptop\.m2\repository\org\hibernate\hibernate-core\5.5.9.Final\hibernate-core-5.5.9.Final.jar;C:\Users\CCLaptop\.m2\repository\org\jboss\logging\jboss-logging\3.4.2.Final\jboss-logging-3.4.2.Final.jar;C:\Users\CCLaptop\.m2\repository\javax\persistence\javax.persistence-api\2.2\javax.persistence-api-2.2.jar;C:\Users\CCLaptop\.m2\repository\org\javassist\javassist\3.27.0-GA\javassist-3.27.0-GA.jar;C:\Users\CCLaptop\.m2\repository\net\bytebuddy\byte-buddy\1.11.12\byte-buddy-1.11.12.jar;C:\Users\CCLaptop\.m2\repository\antlr\antlr\2.7.7\antlr-2.7.7.jar;C:\Users\CCLaptop\.m2\repository\org\jboss\spec\javax\transaction\jboss-transaction-api_1.2_spec\1.1.1.Final\jboss-transaction-api_1.2_spec-1.1.1.Final.jar;C:\Users\CCLaptop\.m2\repository\org\jboss\jandex\2.2.3.Final\jandex-2.2.3.Final.jar;C:\Users\CCLaptop\.m2\repository\com\fasterxml\classmate\1.5.1\classmate-1.5.1.jar;C:\Users\CCLaptop\.m2\repository\javax\activation\javax.activation-api\1.2.0\javax.activation-api-1.2.0.jar;C:\Users\CCLaptop\.m2\repository\org\hibernate\common\hibernate-commons-annotations\5.1.2.Final\hibernate-commons-annotations-5.1.2.Final.jar;C:\Users\CCLaptop\.m2\repository\javax\xml\bind\jaxb-api\2.3.1\jaxb-api-2.3.1.jar;C:\Users\CCLaptop\.m2\repository\org\glassfish\jaxb\jaxb-runtime\2.3.1\jaxb-runtime-2.3.1.jar;C:\Users\CCLaptop\.m2\repository\org\glassfish\jaxb\txw2\2.3.1\txw2-2.3.1.jar;C:\Users\CCLaptop\.m2\repository\com\sun\istack\istack-commons-runtime\3.0.7\istack-commons-runtime-3.0.7.jar;C:\Users\CCLaptop\.m2\repository\org\jvnet\staxex\stax-ex\1.8\stax-ex-1.8.jar;C:\Users\CCLaptop\.m2\repository\com\sun\xml\fastinfoset\FastInfoset\1.2.15\FastInfoset-1.2.15.jar;C:\Users\CCLaptop\.m2\repository\javax\activation\activation\1.1.1\activation-1.1.1.jar;C:\Users\CCLaptop\.m2\repository\javax\inject\javax.inject\1\javax.inject-1.jar;C:\Users\CCLaptop\.m2\repository\javax\jws\jsr181-api\1.0-MR1\jsr181-api-1.0-MR1.jar;C:\Users\CCLaptop\.m2\repository\com\sun\mail\javax.mail\1.5.3\javax.mail-1.5.3.jar;C:\Users\CCLaptop\.m2\repository\javax\validation\validation-api\1.1.0.Final\validation-api-1.1.0.Final.jar;C:\Users\CCLaptop\.m2\repository\org\hibernate\javax\persistence\hibernate-jpa-2.1-api\1.0.0.Final\hibernate-jpa-2.1-api-1.0.0.Final.jar;C:\Users\CCLaptop\.m2\repository\org\jboss\spec\javax\annotation\jboss-annotations-api_1.2_spec\1.0.0.Final\jboss-annotations-api_1.2_spec-1.0.0.Final.jar;C:\Users\CCLaptop\.m2\repository\org\jboss\spec\javax\batch\jboss-batch-api_1.0_spec\1.0.0.Final\jboss-batch-api_1.0_spec-1.0.0.Final.jar;C:\Users\CCLaptop\.m2\repository\org\jboss\spec\javax\ejb\jboss-ejb-api_3.2_spec\1.0.0.Final\jboss-ejb-api_3.2_spec-1.0.0.Final.jar;C:\Users\CCLaptop\.m2\repository\org\jboss\spec\javax\el\jboss-el-api_3.0_spec\1.0.4.Final\jboss-el-api_3.0_spec-1.0.4.Final.jar;C:\Users\CCLaptop\.m2\repository\org\jboss\spec\javax\enterprise\concurrent\jboss-concurrency-api_1.0_spec\1.0.0.Final\jboss-concurrency-api_1.0_spec-1.0.0.Final.jar;C:\Users\CCLaptop\.m2\repository\org\jboss\spec\javax\faces\jboss-jsf-api_2.2_spec\2.2.11\jboss-jsf-api_2.2_spec-2.2.11.jar;C:\Users\CCLaptop\.m2\repository\org\jboss\spec\javax\interceptor\jboss-interceptors-api_1.2_spec\1.0.0.Final\jboss-interceptors-api_1.2_spec-1.0.0.Final.jar;C:\Users\CCLaptop\.m2\repository\org\jboss\spec\javax\json\jboss-json-api_1.0_spec\1.0.0.Final\jboss-json-api_1.0_spec-1.0.0.Final.jar;C:\Users\CCLaptop\.m2\repository\org\jboss\spec\javax\management\j2ee\jboss-j2eemgmt-api_1.1_spec\1.0.1.Final\jboss-j2eemgmt-api_1.1_spec-1.0.1.Final.jar;C:\Users\CCLaptop\.m2\repository\org\jboss\spec\javax\resource\jboss-connector-api_1.7_spec\1.0.0.Final\jboss-connector-api_1.7_spec-1.0.0.Final.jar;C:\Users\CCLaptop\.m2\repository\org\jboss\spec\javax\rmi\jboss-rmi-api_1.0_spec\1.0.4.Final\jboss-rmi-api_1.0_spec-1.0.4.Final.jar;C:\Users\CCLaptop\.m2\repository\org\jboss\spec\javax\security\jacc\jboss-jacc-api_1.5_spec\1.0.0.Final\jboss-jacc-api_1.5_spec-1.0.0.Final.jar;C:\Users\CCLaptop\.m2\repository\org\jboss\spec\javax\security\auth\message\jboss-jaspi-api_1.1_spec\1.0.0.Final\jboss-jaspi-api_1.1_spec-1.0.0.Final.jar;C:\Users\CCLaptop\.m2\repository\org\jboss\spec\javax\jms\jboss-jms-api_2.0_spec\1.0.0.Final\jboss-jms-api_2.0_spec-1.0.0.Final.jar;C:\Users\CCLaptop\.m2\repository\org\jboss\spec\javax\servlet\jboss-servlet-api_3.1_spec\1.0.0.Final\jboss-servlet-api_3.1_spec-1.0.0.Final.jar;C:\Users\CCLaptop\.m2\repository\org\jboss\spec\javax\servlet\jsp\jboss-jsp-api_2.3_spec\1.0.1.Final\jboss-jsp-api_2.3_spec-1.0.1.Final.jar;C:\Users\CCLaptop\.m2\repository\org\jboss\spec\javax\servlet\jstl\jboss-jstl-api_1.2_spec\1.1.2.Final\jboss-jstl-api_1.2_spec-1.1.2.Final.jar;C:\Users\CCLaptop\.m2\repository\org\jboss\spec\javax\ws\rs\jboss-jaxrs-api_2.0_spec\1.0.0.Final\jboss-jaxrs-api_2.0_spec-1.0.0.Final.jar;C:\Users\CCLaptop\.m2\repository\org\jboss\spec\javax\websocket\jboss-websocket-api_1.1_spec\1.1.0.Final\jboss-websocket-api_1.1_spec-1.1.0.Final.jar;C:\Users\CCLaptop\.m2\repository\org\jboss\spec\javax\xml\bind\jboss-jaxb-api_2.2_spec\1.0.4.Final\jboss-jaxb-api_2.2_spec-1.0.4.Final.jar;C:\Users\CCLaptop\.m2\repository\org\jboss\spec\javax\xml\soap\jboss-saaj-api_1.3_spec\1.0.3.Final\jboss-saaj-api_1.3_spec-1.0.3.Final.jar;C:\Users\CCLaptop\.m2\repository\org\jboss\spec\javax\xml\ws\jboss-jaxws-api_2.2_spec\2.0.2.Final\jboss-jaxws-api_2.2_spec-2.0.2.Final.jar;C:\Users\CCLaptop\.m2\repository\javax\javaee-web-api\7.0\javaee-web-api-7.0.jar;C:\Users\CCLaptop\.m2\repository\javax\enterprise\cdi-api\2.0.SP1\cdi-api-2.0.SP1.jar;C:\Users\CCLaptop\.m2\repository\javax\el\javax.el-api\3.0.0\javax.el-api-3.0.0.jar;C:\Users\CCLaptop\.m2\repository\javax\interceptor\javax.interceptor-api\1.2\javax.interceptor-api-1.2.jar;C:\Users\CCLaptop\.m2\repository\junit\junit\4.13.1\junit-4.13.1.jar;C:\Users\CCLaptop\.m2\repository\org\hamcrest\hamcrest-core\1.3\hamcrest-core-1.3.jar;C:\Users\CCLaptop\.m2\repository\org\jboss\arquillian\junit\arquillian-junit-container\1.4.0.Final\arquillian-junit-container-1.4.0.Final.jar;C:\Users\CCLaptop\.m2\repository\org\jboss\arquillian\junit\arquillian-junit-core\1.4.0.Final\arquillian-junit-core-1.4.0.Final.jar;C:\Users\CCLaptop\.m2\repository\org\jboss\arquillian\test\arquillian-test-api\1.4.0.Final\arquillian-test-api-1.4.0.Final.jar;C:\Users\CCLaptop\.m2\repository\org\jboss\arquillian\test\arquillian-test-spi\1.4.0.Final\arquillian-test-spi-1.4.0.Final.jar;C:\Users\CCLaptop\.m2\repository\org\jboss\arquillian\core\arquillian-core-spi\1.4.0.Final\arquillian-core-spi-1.4.0.Final.jar;C:\Users\CCLaptop\.m2\repository\org\jboss\arquillian\container\arquillian-container-test-api\1.4.0.Final\arquillian-container-test-api-1.4.0.Final.jar;C:\Users\CCLaptop\.m2\repository\org\jboss\shrinkwrap\shrinkwrap-api\1.2.6\shrinkwrap-api-1.2.6.jar;C:\Users\CCLaptop\.m2\repository\org\jboss\shrinkwrap\descriptors\shrinkwrap-descriptors-api-base\2.0.0\shrinkwrap-descriptors-api-base-2.0.0.jar;C:\Users\CCLaptop\.m2\repository\org\jboss\arquillian\container\arquillian-container-test-spi\1.4.0.Final\arquillian-container-test-spi-1.4.0.Final.jar;C:\Users\CCLaptop\.m2\repository\org\jboss\arquillian\core\arquillian-core-impl-base\1.4.0.Final\arquillian-core-impl-base-1.4.0.Final.jar;C:\Users\CCLaptop\.m2\repository\org\jboss\arquillian\test\arquillian-test-impl-base\1.4.0.Final\arquillian-test-impl-base-1.4.0.Final.jar;C:\Users\CCLaptop\.m2\repository\org\jboss\arquillian\container\arquillian-container-impl-base\1.4.0.Final\arquillian-container-impl-base-1.4.0.Final.jar;C:\Users\CCLaptop\.m2\repository\org\jboss\arquillian\config\arquillian-config-api\1.4.0.Final\arquillian-config-api-1.4.0.Final.jar;C:\Users\CCLaptop\.m2\repository\org\jboss\arquillian\config\arquillian-config-impl-base\1.4.0.Final\arquillian-config-impl-base-1.4.0.Final.jar;C:\Users\CCLaptop\.m2\repository\org\jboss\arquillian\config\arquillian-config-spi\1.4.0.Final\arquillian-config-spi-1.4.0.Final.jar;C:\Users\CCLaptop\.m2\repository\org\jboss\arquillian\container\arquillian-container-test-impl-base\1.4.0.Final\arquillian-container-test-impl-base-1.4.0.Final.jar;C:\Users\CCLaptop\.m2\repository\org\jboss\shrinkwrap\shrinkwrap-impl-base\1.2.6\shrinkwrap-impl-base-1.2.6.jar;C:\Users\CCLaptop\.m2\repository\org\jboss\shrinkwrap\shrinkwrap-spi\1.2.6\shrinkwrap-spi-1.2.6.jar;C:\Users\CCLaptop\.m2\repository\org\wildfly\arquillian\wildfly-arquillian-container-remote\3.0.1.Final\wildfly-arquillian-container-remote-3.0.1.Final.jar;C:\Users\CCLaptop\.m2\repository\org\wildfly\arquillian\wildfly-arquillian-common\3.0.1.Final\wildfly-arquillian-common-3.0.1.Final.jar;C:\Users\CCLaptop\.m2\repository\org\jboss\arquillian\testenricher\arquillian-testenricher-cdi\1.4.0.Final\arquillian-testenricher-cdi-1.4.0.Final.jar;C:\Users\CCLaptop\.m2\repository\org\jboss\arquillian\testenricher\arquillian-testenricher-ejb\1.4.0.Final\arquillian-testenricher-ejb-1.4.0.Final.jar;C:\Users\CCLaptop\.m2\repository\org\jboss\arquillian\testenricher\arquillian-testenricher-initialcontext\1.4.0.Final\arquillian-testenricher-initialcontext-1.4.0.Final.jar;C:\Users\CCLaptop\.m2\repository\org\jboss\arquillian\testenricher\arquillian-testenricher-resource\1.4.0.Final\arquillian-testenricher-resource-1.4.0.Final.jar;C:\Users\CCLaptop\.m2\repository\org\wildfly\arquillian\wildfly-arquillian-testenricher-msc\3.0.1.Final\wildfly-arquillian-testenricher-msc-3.0.1.Final.jar;C:\Users\CCLaptop\.m2\repository\org\wildfly\core\wildfly-server\13.0.0.Final\wildfly-server-13.0.0.Final.jar;C:\Users\CCLaptop\.m2\repository\org\wildfly\core\wildfly-controller\13.0.0.Final\wildfly-controller-13.0.0.Final.jar;C:\Users\CCLaptop\.m2\repository\org\wildfly\core\wildfly-core-security\13.0.0.Final\wildfly-core-security-13.0.0.Final.jar;C:\Users\CCLaptop\.m2\repository\org\wildfly\core\wildfly-core-security-api\13.0.0.Final\wildfly-core-security-api-13.0.0.Final.jar;C:\Users\CCLaptop\.m2\repository\org\jboss\logmanager\jboss-logmanager\2.1.17.Final\jboss-logmanager-2.1.17.Final.jar;C:\Users\CCLaptop\.m2\repository\org\jboss\staxmapper\1.3.0.Final\staxmapper-1.3.0.Final.jar;C:\Users\CCLaptop\.m2\repository\org\projectodd\vdx\vdx-wildfly\1.1.6\vdx-wildfly-1.1.6.jar;C:\Users\CCLaptop\.m2\repository\org\projectodd\vdx\vdx-core\1.1.6\vdx-core-1.1.6.jar;C:\Users\CCLaptop\.m2\repository\org\wildfly\core\wildfly-core-management-client\13.0.0.Final\wildfly-core-management-client-13.0.0.Final.jar;C:\Users\CCLaptop\.m2\repository\org\wildfly\core\wildfly-domain-http-interface\13.0.0.Final\wildfly-domain-http-interface-13.0.0.Final.jar;C:\Users\CCLaptop\.m2\repository\org\wildfly\security\elytron-web\undertow-server\1.8.0.Final\undertow-server-1.8.0.Final.jar;C:\Users\CCLaptop\.m2\repository\org\wildfly\core\wildfly-deployment-repository\13.0.0.Final\wildfly-deployment-repository-13.0.0.Final.jar;C:\Users\CCLaptop\.m2\repository\org\wildfly\core\wildfly-platform-mbean\13.0.0.Final\wildfly-platform-mbean-13.0.0.Final.jar;C:\Users\CCLaptop\.m2\repository\org\wildfly\core\wildfly-process-controller\13.0.0.Final\wildfly-process-controller-13.0.0.Final.jar;C:\Users\CCLaptop\.m2\repository\org\wildfly\core\wildfly-network\13.0.0.Final\wildfly-network-13.0.0.Final.jar;C:\Users\CCLaptop\.m2\repository\org\wildfly\core\wildfly-version\13.0.0.Final\wildfly-version-13.0.0.Final.jar;C:\Users\CCLaptop\.m2\repository\org\jboss\classfilewriter\jboss-classfilewriter\1.2.4.Final\jboss-classfilewriter-1.2.4.Final.jar;C:\Users\CCLaptop\.m2\repository\org\jboss\invocation\jboss-invocation\1.6.0.Final\jboss-invocation-1.6.0.Final.jar;C:\Users\CCLaptop\.m2\repository\org\jboss\modules\jboss-modules\1.10.2.Final\jboss-modules-1.10.2.Final.jar;C:\Users\CCLaptop\.m2\repository\org\jboss\remoting\jboss-remoting\5.0.19.Final\jboss-remoting-5.0.19.Final.jar;C:\Users\CCLaptop\.m2\repository\org\jboss\stdio\jboss-stdio\1.1.0.Final\jboss-stdio-1.1.0.Final.jar;C:\Users\CCLaptop\.m2\repository\org\jboss\jboss-vfs\3.2.15.Final\jboss-vfs-3.2.15.Final.jar;C:\Users\CCLaptop\.m2\repository\io\undertow\undertow-core\2.2.0.Final\undertow-core-2.2.0.Final.jar;C:\Users\CCLaptop\.m2\repository\org\eclipse\jgit\org.eclipse.jgit.ssh.apache\5.9.0.202009080501-r\org.eclipse.jgit.ssh.apache-5.9.0.202009080501-r.jar;C:\Users\CCLaptop\.m2\repository\org\eclipse\jgit\org.eclipse.jgit\5.9.0.202009080501-r\org.eclipse.jgit-5.9.0.202009080501-r.jar;C:\Users\CCLaptop\.m2\repository\com\googlecode\javaewah\JavaEWAH\1.1.7\JavaEWAH-1.1.7.jar;C:\Users\CCLaptop\.m2\repository\org\apache\sshd\sshd-common\2.4.0\sshd-common-2.4.0.jar;C:\Users\CCLaptop\.m2\repository\org\slf4j\slf4j-api\1.7.29\slf4j-api-1.7.29.jar;C:\Users\CCLaptop\.m2\repository\org\apache\sshd\sshd-core\2.4.0\sshd-core-2.4.0.jar;C:\Users\CCLaptop\.m2\repository\org\wildfly\core\wildfly-controller-client\13.0.0.Final\wildfly-controller-client-13.0.0.Final.jar;C:\Users\CCLaptop\.m2\repository\org\wildfly\core\wildfly-protocol\13.0.0.Final\wildfly-protocol-13.0.0.Final.jar;C:\Users\CCLaptop\.m2\repository\org\jboss\xnio\xnio-api\3.8.2.Final\xnio-api-3.8.2.Final.jar;C:\Users\CCLaptop\.m2\repository\org\jboss\xnio\xnio-nio\3.8.2.Final\xnio-nio-3.8.2.Final.jar;C:\Users\CCLaptop\.m2\repository\org\jboss\jboss-dmr\1.5.1.Final\jboss-dmr-1.5.1.Final.jar;C:\Users\CCLaptop\.m2\repository\org\jboss\threads\jboss-threads\2.4.0.Final\jboss-threads-2.4.0.Final.jar;C:\Users\CCLaptop\.m2\repository\org\wildfly\core\wildfly-launcher\13.0.0.Final\wildfly-launcher-13.0.0.Final.jar;C:\Users\CCLaptop\.m2\repository\org\wildfly\plugins\wildfly-plugin-core\2.0.2.Final\wildfly-plugin-core-2.0.2.Final.jar;C:\Users\CCLaptop\.m2\repository\org\jboss\shrinkwrap\descriptors\shrinkwrap-descriptors-impl-base\2.0.0\shrinkwrap-descriptors-impl-base-2.0.0.jar;C:\Users\CCLaptop\.m2\repository\org\wildfly\common\wildfly-common\1.5.4.Final\wildfly-common-1.5.4.Final.jar;C:\Users\CCLaptop\.m2\repository\org\wildfly\arquillian\wildfly-arquillian-protocol-jmx\3.0.1.Final\wildfly-arquillian-protocol-jmx-3.0.1.Final.jar;C:\Users\CCLaptop\.m2\repository\org\wildfly\security\wildfly-elytron\1.13.0.Final\wildfly-elytron-1.13.0.Final.jar;C:\Users\CCLaptop\.m2\repository\org\jboss\arquillian\protocol\arquillian-protocol-jmx\1.4.0.Final\arquillian-protocol-jmx-1.4.0.Final.jar;C:\Users\CCLaptop\.m2\repository\org\wildfly\core\wildfly-jmx\13.0.0.Final\wildfly-jmx-13.0.0.Final.jar;C:\Users\CCLaptop\.m2\repository\org\jboss\msc\jboss-msc\1.4.12.Final\jboss-msc-1.4.12.Final.jar;C:\Users\CCLaptop\.m2\repository\org\jboss\remotingjmx\remoting-jmx\3.0.4.Final\remoting-jmx-3.0.4.Final.jar;C:\Users\CCLaptop\.m2\repository\org\wildfly\client\wildfly-client-config\1.0.0.Final\wildfly-client-config-1.0.0.Final.jar;C:\Users\CCLaptop\.m2\repository\org\wildfly\core\wildfly-remoting\13.0.0.Final\wildfly-remoting-13.0.0.Final.jar;C:\Users\CCLaptop\.m2\repository\org\wildfly\core\wildfly-domain-management\13.0.0.Final\wildfly-domain-management-13.0.0.Final.jar;C:\Users\CCLaptop\.m2\repository\org\picketbox\picketbox\5.0.3.Final-redhat-00006\picketbox-5.0.3.Final-redhat-00006.jar;C:\Users\CCLaptop\.m2\repository\org\wildfly\core\wildfly-io\13.0.0.Final\wildfly-io-13.0.0.Final.jar;C:\Users\CCLaptop\.m2\repository\org\jboss\marshalling\jboss-marshalling-river\2.0.9.Final\jboss-marshalling-river-2.0.9.Final.jar;C:\Users\CCLaptop\.m2\repository\org\jboss\marshalling\jboss-marshalling\2.0.9.Final\jboss-marshalling-2.0.9.Final.jar;C:\Users\CCLaptop\.m2\repository\org\jboss\arquillian\core\arquillian-core-api\1.4.0.Final\arquillian-core-api-1.4.0.Final.jar;C:\Users\CCLaptop\.m2\repository\org\jboss\arquillian\protocol\arquillian-protocol-servlet\1.4.0.Final\arquillian-protocol-servlet-1.4.0.Final.jar;C:\Users\CCLaptop\.m2\repository\org\jboss\arquillian\container\arquillian-container-spi\1.4.0.Final\arquillian-container-spi-1.4.0.Final.jar;C:\Users\CCLaptop\.m2\repository\org\jboss\shrinkwrap\descriptors\shrinkwrap-descriptors-spi\2.0.0\shrinkwrap-descriptors-spi-2.0.0.jar;C:\Users\CCLaptop\.m2\repository\org\projectlombok\lombok\1.18.22\lombok-1.18.22.jar;"/>
    <property name="sun.cpu.endian" value="little"/>
    <property name="user.home" value="C:\Users\CCLaptop"/>
    <property name="user.language" value="en"/>
    <property name="java.specification.vendor" value="Oracle Corporation"/>
    <property name="java.version.date" value="2021-10-19"/>
    <property name="java.home" value="C:\Program Files\Eclipse Adoptium\jdk-11.0.13.8-hotspot"/>
    <property name="file.separator" value="\"/>
    <property name="basedir" value="C:\BT\job_prep\bookstore-back"/>
    <property name="java.vm.compressedOopsMode" value="Zero based"/>
    <property name="line.separator" value="&#10;"/>
    <property name="java.specification.name" value="Java Platform API Specification"/>
    <property name="java.vm.specification.vendor" value="Oracle Corporation"/>
    <property name="java.awt.graphicsenv" value="sun.awt.Win32GraphicsEnvironment"/>
    <property name="surefire.real.class.path" value="C:\Users\CCLaptop\AppData\Local\Temp\surefire17821543516062421449\surefirebooter9765420288797204595.jar"/>
    <property name="user.script" value=""/>
    <property name="sun.management.compiler" value="HotSpot 64-Bit Tiered Compilers"/>
    <property name="java.runtime.version" value="11.0.13+8"/>
    <property name="user.name" value="CCLaptop"/>
    <property name="path.separator" value=";"/>
    <property name="os.version" value="10.0"/>
    <property name="java.runtime.name" value="OpenJDK Runtime Environment"/>
    <property name="file.encoding" value="Cp1252"/>
    <property name="java.vm.name" value="OpenJDK 64-Bit Server VM"/>
    <property name="java.vendor.version" value="Temurin-11.0.13+8"/>
    <property name="localRepository" value="C:\Users\CCLaptop\.m2\repository"/>
    <property name="java.vendor.url.bug" value="https://github.com/adoptium/adoptium-support/issues"/>
    <property name="java.io.tmpdir" value="C:\Users\CCLaptop\AppData\Local\Temp\"/>
    <property name="java.version" value="11.0.13"/>
    <property name="user.dir" value="C:\BT\job_prep\bookstore-back"/>
    <property name="os.arch" value="amd64"/>
    <property name="java.vm.specification.name" value="Java Virtual Machine Specification"/>
    <property name="java.awt.printerjob" value="sun.awt.windows.WPrinterJob"/>
    <property name="sun.os.patch.level" value=""/>
    <property name="java.library.path" value="C:\Program Files\Eclipse Adoptium\jdk-11.0.13.8-hotspot\bin;C:\WINDOWS\Sun\Java\bin;C:\WINDOWS\system32;C:\WINDOWS;C:\Program Files\Eclipse Adoptium\jdk-11.0.13.8-hotspot\bin;C:\WINDOWS\System32\WindowsPowerShell\v1.0\;C:\Program Files\Common Files\Oracle\Java\javapath;C:\WINDOWS\system32;C:\WINDOWS;C:\WINDOWS\System32\Wbem;C:\WINDOWS\System32\OpenSSH\;C:\Program Files\Docker\Docker\resources\bin;C:\ProgramData\DockerDesktop\version-bin;C:\Program Files\nodejs\;C:\Program Files\Git\cmd;C:\Program Files (x86)\Microsoft SQL Server\150\DTS\Binn\;C:\Program Files\Azure Data Studio\bin;C:\Program Files\apache-maven-3.8.4\bin;C:\Program Files\apache-maven-3.8.4\bin;C:\Program Files\Eclipse Adoptium\jdk-11.0.13.8-hotspot\\bin;C:\Program Files\wildfly-26.0.0.Final\bin;C:\Program Files\PuTTY\;C:\Program Files\MySQL\MySQL Shell 8.0\bin\;C:\Users\CCLaptop\AppData\Local\Microsoft\WindowsApps;;C:\Users\CCLaptop\AppData\Local\Programs\Microsoft VS Code\bin;C:\Program Files\JetBrains\IntelliJ IDEA 2021.3\bin;;C:\Users\CCLaptop\AppData\Roaming\npm;C:\Users\CCLaptop\AppData\Local\Programs\Azure Data Studio\bin;C:\Program Files\Azure Data Studio\bin;."/>
    <property name="java.vm.info" value="mixed mode"/>
    <property name="java.vendor" value="Eclipse Adoptium"/>
    <property name="java.vm.version" value="11.0.13+8"/>
    <property name="sun.io.unicode.encoding" value="UnicodeLittle"/>
    <property name="java.class.version" value="55.0"/>
  </properties>
  <testcase name="create" classname="repository.BookRepositoryTest" time="0.253">
    <system-err><![CDATA[Jan 23, 2022 9:33:46 PM org.jboss.threads.Version <clinit>
INFO: JBoss Threads version 2.4.0.Final
Jan 23, 2022 9:33:46 PM org.jboss.logmanager.JBossLoggerFinder getLogger
ERROR: The LogManager accessed before the "java.util.logging.manager" system property was set to "org.jboss.logmanager.LogManager". Results may be unexpected.
Jan 23, 2022 9:33:47 PM org.jboss.remoting3.EndpointImpl <clinit>
INFO: JBoss Remoting version 5.0.19.Final
Jan 23, 2022 9:33:47 PM org.xnio.Xnio <clinit>
INFO: XNIO version 3.8.2.Final
Jan 23, 2022 9:33:48 PM org.xnio.nio.NioXnio <clinit>
INFO: XNIO NIO Implementation Version 3.8.2.Final
Jan 23, 2022 9:33:48 PM org.wildfly.security.Version <clinit>
INFO: ELY00001: WildFly Elytron version 1.13.0.Final
]]></system-err>
  </testcase>
</testsuite>